<?xml version='1.0' encoding='UTF-8'?>
<testsuite hostname="TS-STUDENT-7859" name="SetTesting3" tests="7" errors="0" failures="0" skipped="0" time="0.037" timestamp="2022-03-26T05:01:05">
          <properties>
[...]
</properties>
          <testcase classname="SetTesting3" name="Abstract Class and Interface cannot be initiated should give an error message when an Abstract Class or Interface is initiated" time="0.032">
                      
                    </testcase><testcase classname="SetTesting3" name="Child class should implement all abstract methods or else error (extends, implements) should give an error message when all the abstract methods are not implemented" time="0.005">
                      
                    </testcase><testcase classname="SetTesting3" name="An Interface cannot implement another Interface should give an error message when an interface tries to implement another interface" time="0.0">
                      
                    </testcase><testcase classname="SetTesting3" name="Interface cannot inherit from a pure abstract class should give an error message when an interface inherits from a pure abstract class" time="0.0">
                      
                    </testcase><testcase classname="SetTesting3" name="Abstract Class inherits from another abstract class and a sub class will implement the unimplemented abstract methods should ensure that the concrete sub class implements all the abstract methods" time="0.0">
                      
                    </testcase><testcase classname="SetTesting3" name="Abstract Class implements interface partially and sub class implements the remaining abstract methods fully. should define a class and instantiate it" time="0.0">
                      
                    </testcase><testcase classname="SetTesting3" name="A Class implementing multiple interfaces should ensure that a class implements 2 or more interfaces within a single Implements construct" time="0.0">
                      
                    </testcase>
          <system-out><![CDATA[]]></system-out>
          <system-err><![CDATA[]]></system-err>
        </testsuite>