<?xml version='1.0' encoding='UTF-8'?>
<testsuite hostname="Nihals-PC" name="SetTesting4" tests="7" errors="0" failures="0" skipped="0" time="0.035" timestamp="2022-04-11T05:58:58">
          <properties>
[...]
</properties>
          <testcase classname="SetTesting4" name="IF construct's parameters' execution should ensure proper flow of execution for check, thenClause and elseClause" time="0.035">
                      
                    </testcase><testcase classname="SetTesting4" name="IF construct should ensure proper flow of execution based on the evaluated condition" time="0.0">
                      
                    </testcase><testcase classname="SetTesting4" name="Nested IF construct should ensure proper flow of execution based on the evaluated condition of both outer and inner nested if-else" time="0.0">
                      
                    </testcase><testcase classname="SetTesting4" name="Exception Handing - ExceptionClassDef Construct should create a mapping of the reason with the Exception Class Name" time="0.0">
                      
                    </testcase><testcase classname="SetTesting4" name="Basic Try - Catch Block Execution should Execute the contents of the catch block when try raises an error" time="0.0">
                      
                    </testcase><testcase classname="SetTesting4" name="Try-Catch: Execute entire try block without any exception should execute all expressions in try block when there is no exception raised and not go into catch block" time="0.0">
                      
                    </testcase><testcase classname="SetTesting4" name="Try-Catch: Checking if the code after throwing exception in try doesn't execute should not execute the code part present after throwing an exception" time="0.0">
                      
                    </testcase>
          <system-out><![CDATA[]]></system-out>
          <system-err><![CDATA[]]></system-err>
        </testsuite>