<?xml version='1.0' encoding='UTF-8'?>
<testsuite hostname="TS-STUDENT-7859" name="SetTesting2" tests="6" errors="0" failures="0" skipped="0" time="0.037" timestamp="2022-03-26T05:01:05">
          <properties>
[...]
</properties>
          <testcase classname="SetTesting2" name="Class Definition and Object Creation should define a class and instantiate it" time="0.032">
                      
                    </testcase><testcase classname="SetTesting2" name="Nested Classes should define an innerClass in an outerClass and be able to access using corresponding objects" time="0.0">
                      
                    </testcase><testcase classname="SetTesting2" name="Simple Inheritance using Extends and InvokeMethod should extend the super class and be able to access it using the instance of sub class" time="0.005">
                      
                    </testcase><testcase classname="SetTesting2" name="Inheritance using Nested Classes should allow the inherited class object to access the methods (containing multiple operations) of nestedClass of superClass" time="0.0">
                      
                    </testcase><testcase classname="SetTesting2" name="Multiple Inheritance should not allow multiple inheritance" time="0.0">
                      
                    </testcase><testcase classname="SetTesting2" name="Method Overriding during Inheritance should be able to execute the appropriate method when two methods have the same name" time="0.0">
                      
                    </testcase>
          <system-out><![CDATA[]]></system-out>
          <system-err><![CDATA[]]></system-err>
        </testsuite>